Case #1: DZMSJNMLMEAIOSNRWBYN 
Case #2: HAWD KUNTEMVFSQODOG 
Case #3: JOHNSON 
Case #4: MWQAJ OYNUBTLIW RS 
Case #5: XOKVROLQBU GIDJHZVIU 
Case #6: GT OPMNVNFO BRQDCZC 
Case #7: JUYLOAMHBXTUK DDPF 
Case #8: EXFBYAGNHWTNFLZGQN D 
Case #9: YUJKZN QSQ TCLRHDPW 
Case #10: MSAKNVZETLX VCWBR 
Case #11: IR P CESMWL DLYGONG 
Case #12: CRHB RU HINJQJWKXFXY 
Case #13: MHMOILQ PWGFKCRAWGYD 
Case #14: LFN D RUXFVXTJ WGKHQ 
Case #15: AENMMNVZNKBHXIGCTDC 
Case #16: DBLNQJ  LSHDXXDKPZR 
Case #17: GDQOVJLIKJY GTCRE M 
Case #18: S MHPZEGVR YNL KEIQ 
Case #19: HEMR QKTBZMOYFJX Z 
Case #20: FYV UJPT NIKB ZHORA 
Case #21: UDIEUDKS ARPMCVF 
Case #22: MGRVGGCTUNWOS SUFYZX 
Case #23: NQB GONRALPUMDFCSL 
Case #24: AVFULCW TDQZYM ZRLX 
Case #25: NFRUDUQRZ ZGEGV PIYW 
Case #26: SQCNDNYROTKDWHTA MV 
Case #27: XWCRONE V BKSBYGBEZ 
Case #28: YWFX KSMUIJJLPEFESDQ 
Case #29: IFYRVZC AZ NVGEJD M 
Case #30: DED XUW  RNLVFSGYA 
Case #31: VFRGFOXCORYAPIWZXABU 
Case #32: ARDXZEJXQULP  VUY N 
Case #33: OTKJTCLWUPS XIH C 
Case #34: PGV FLDTCEH GFRFWBKJ 
Case #35: BWB AIFMRWBXSZOSNP 
Case #36: PXBJ YLGDWS COUJRQXV 
Case #37: JQGB WVNHKOGTUXBCNF 
Case #38: XTGLEMTZ OAUBDYNWR Y 
Case #39: HKDELRJLOTQFZVXIZMB 
Case #40: GSPVRMBJ FWAYTX 
Case #41: OTFHVJTHXKQ UEIMRV 
Case #42: IPZAO  XNTRV WQVVDXK 
Case #43: Y IAH VLEORFLUCCXPN 
Case #44: AOYZG LJD SUQRICN 
Case #45: PJQSHVHWISQYZLSKGB E 
Case #46: QTWHWIAMXNFFZ VGUY 
Case #47: J UKXM AHOURBUNEVIUL 
Case #48: KH BMBYNXREGCNIVQ C 
Case #49: JQBEPHGNOPOKQUTCRZK 
Case #50: BF ERPGY KNTQTNOC T 
Case #51: P  EDVXTEBJOAIIHZGQ 
Case #52: AHECGUVDKFZ YRL 
Case #53: PKBKVYAVTHZMO TFDZIL 
Case #54: AEN UCJPEKJS FX DY P 
Case #55: ALQBVTGCR OVIWPFIVCJ 
Case #56: GRWZ UJNVPKXF  YQD 
Case #57: RPAMZDTPED IYUSPNWO 
Case #58: XSFCBJNQXZUKEWG I 
Case #59: VTFUNANEXKQCPZVMRQB 
Case #60: RPRTMZDAJ PUOAEKGIB 
Case #61: GHIJRBHO SNNXTADFPQ 
Case #62: TZYSEPP FMUC RIREHSO 
Case #63: FNJVANMPIX CSZUG KVD 
Case #64: HVJQTL PYCRDNG XXIL 
Case #65: IS KKBNURZRADMLMGE 
Case #66: SZG LJRDDMKEEKUVHN 
Case #67: BPTSQG H   YFIUKLZXR 
Case #68: OKDMFUGPJVBY L 
Case #69: KTWJQSM LCXPHOAAZWA 
Case #70: WHBNLKTVGIDMZYDVTXRO 
Case #71: I PYEZPGJVPXRAKTWF 
Case #72: JPMGVR SJ  B XEEAK 
Case #73: QUOEBGJS N KPYYWUMIE 
Case #74: L BQDUFJQRXWKRCE SIN 
Case #75: FBU TVAJ SHDZWRPEQUV 
Case #76: FP  YFVMADQHGWIFKJR 
Case #77: FLJK HAZROGBGBJIDSLU 
Case #78: AVWIZRNRPM BNW  SDGU 
Case #79: FKFYLIHJFF ZQDGUTZKX 
Case #80: FPW QYDBPTOLX SMC 
Case #81: RCTGQLPHNPIWU FRRBRD 
Case #82: MTPAUAJQCSRVTTEXF WD 
Case #83: BOPERCCZ WIVJF BNPKS 
Case #84: NS EZVJPKMQYGJTTIBI 
Case #85: GBYV FKFMJQFNDERVBIL 
Case #86: FRATEWDZYVGNZ IP Z 
Case #87: JGCQWHLTRESOGZBCH KE 
Case #88: QJUOOPCFYRIBZ GFXED 
Case #89: B HBNDYMKJGTRYLQXF 
Case #90: SW BHKDI FUPXZAPWX 
Case #91: SYIOLTDEHMZ NALMFB 
Case #92: THHZPIKQA MACGWDN WR 
Case #93: IMTHBKEV OIXYZHGCMID 
Case #94: IECCJ MWHUZJOLTWR NQ 
Case #95: E VKHMQCDRJULBZJY Y 
Case #96: MVSCARXYIW E WQ ZL 
Case #97: KTO JNFG V QRXBIDAXA 
Case #98: A AB C 
Case #99: DDMWENKTE HOLPJUK 
Case #100: BU PFERCSHFJQBYRAPIC 
