Case #1:
GJJ
JCJ
JJJ
Case #2:
CODE
JJJJ
JJAM
Case #3:
CA
KE
Case #4:
BCAE
AAAA
AAAD
Case #5:
CCA
FBE
CCD
CCC
Case #6:
BA
BB
Case #7:
CEB
DBA
BFB
BBB
Case #8:
FED
IKG
AHC
JJB
Case #9:
ADBDCD
DDDEDF
Case #10:
AAA
Case #11:
ADBB
BEBB
BCBB
Case #12:
BAC
Case #13:
CCC
DEC
FAC
CBC
Case #14:
FCA
EEE
EEE
EDB
Case #15:
BB
BA
BB
BB
Case #16:
EEFA
EEGB
EEDC
Case #17:
A
B
Case #18:
EEA
BED
EEC
EFE
Case #19:
CCC
DCC
EBC
CAC
Case #20:
ABC
DEE
EEE
Case #21:
ADCA
AAAE
AABA
Case #22:
DAFC
DDBE
DDDD
Case #23:
FBA
DEC
CCC
CCC
Case #24:
AEB
CEE
EED
EEF
Case #25:
CCCC
CCJC
CCCC
Case #26:
BBA
Case #27:
IDFL
GKHE
AJBC
Case #28:
CCAC
CCBC
CCCC
Case #29:
DBF
AEC
Case #30:
FEE
EBE
DAE
ECE
Case #31:
EBC
AJF
IHD
CGC
Case #32:
AAAB
AAAA
Case #33:
CAEC
CCCB
CCCD
Case #34:
CBH
FKG
ADI
JEJ
Case #35:
AAA
AAA
Case #36:
ABD
BCB
Case #37:
CFA
BDE
GGG
GGG
Case #38:
IDI
EGF
BCA
IHI
Case #39:
AB
DC
Case #40:
ACED
AABA
AAAA
Case #41:
EBA
DBC
BFB
BBB
Case #42:
CA
CB
Case #43:
FIEG
JHCG
GADB
Case #44:
ACCC
CBCC
CCCC
Case #45:
EBEA
CEDE
EEEE
Case #46:
DDC
FDA
DDD
DEB
Case #47:
FAEC
BBGD
BBBB
Case #48:
DDC
DBA
DFE
DDD
Case #49:
DEAA
AAAC
AAAB
Case #50:
BCB
BBA
Case #51:
JDI
HBE
KAC
FFG
Case #52:
AB
Case #53:
AEBE
ECED
EEFE
Case #54:
AAAA
AAAA
ABCD
Case #55:
CCAC
CGDE
CCBF
Case #56:
AA
AA
Case #57:
BEEE
EDEC
EEEA
Case #58:
A
F
B
F
C
F
D
F
E
F
F
F
Case #59:
HGDB
CIFE
HHHA
Case #60:
ABEE
EEDC
EEEE
Case #61:
GCAE
FHDB
GGGG
Case #62:
ABA
AAA
Case #63:
DBCC
ACCE
CCCC
Case #64:
AA
Case #65:
CCC
CDC
BFC
CEA
Case #66:
AAAA
ABCD
AAAA
Case #67:
CCCA
CCCB
CCCC
Case #68:
EDB
ECA
Case #69:
CCCD
CECA
CCCB
Case #70:
CBDA
BBBE
BBBB
Case #71:
CFE
FAB
DFF
FFF
Case #72:
ABJC
FGEI
KDLH
Case #73:
FFF
FEC
FBD
FFA
Case #74:
DEF
GAB
CCC
CCC
Case #75:
AABACADAEAFA
Case #76:
ADC
BCC
CCE
Case #77:
CDDB
EDDD
DDDA
Case #78:
ACCC
BCCC
CCCC
Case #79:
AF
FB
CF
FD
EF
FF
Case #80:
A
A
Case #81:
AHJG
AFDE
ABIC
Case #82:
HFB
JED
KIA
HGC
Case #83:
ACBB
BBBE
BBDF
Case #84:
AFB
FCF
DFE
FFF
Case #85:
AAA
AEA
ABA
ADC
Case #86:
DAB
DED
CDF
DDD
Case #87:
CBBB
DEBB
BAFB
Case #88:
BHEA
FJDI
BBGC
Case #89:
DDED
DBFD
DDAC
Case #90:
HBDJ
IEGK
CCFA
Case #91:
CCCC
DECA
CBCC
Case #92:
EHG
ABG
DIF
GCG
Case #93:
FAG
IED
LCJ
BHK
Case #94:
DBD
EFD
DAD
DDC
Case #95:
BEGC
AFDD
DDDD
Case #96:
A
Case #97:
AAC
ABD
FEA
AAA
Case #98:
ABCD
AAAA
AAAA
Case #99:
FFC
ABD
FFE
FFF
Case #100:
AB
DC
EA
AA
AA
AA
