Case #1:
GGG
?CC
??J
Case #2:
CODE
????
?JAM
Case #3:
CA
KE
Case #4:
AABA
?CCD
EEFE
Case #5:
DBI
GEH
FAF
CCC
Case #6:
BIA
CEH
DFJ
?GG
Case #7:
A
Case #8:
GHG
CAC
DBJ
EIF
Case #9:
AED
CFC
BBB
???
Case #10:
EGCF
DAIB
?HHH
Case #11:
AAA
?DD
?FC
EEB
Case #12:
?HCE
FIGD
?BAB
Case #13:
DGB
CFA
?EE
???
Case #14:
?AB
?CC
DDF
EEE
Case #15:
?BBB
?ADA
ECEE
Case #16:
AA
Case #17:
???
DBA
CEC
?FF
Case #18:
GHDC
JKFA
LBEI
Case #19:
?DE
AFA
BBB
CCC
Case #20:
AAB
?CC
DDE
?FF
Case #21:
??
??
?C
BD
?A
?E
Case #22:
EED
BBB
?FC
??A
Case #23:
?BEB
AAAD
?CCC
Case #24:
ADA
BBB
CCE
Case #25:
BA
Case #26:
DFE
BCA
Case #27:
A
?
B
?
C
?
D
?
E
?
F
?
Case #28:
?BB
DHG
FAC
?EE
Case #29:
???
?AA
Case #30:
DLJC
FEGI
KBAH
Case #31:
CCCC
BBDE
?AAA
Case #32:
CA
DB
Case #33:
AAB
CCC
??D
?EF
Case #34:
??A
Case #35:
CED
???
ABF
???
Case #36:
?DC
EEE
???
BFA
Case #37:
AA
?B
CC
?D
EE
?F
Case #38:
CGDA
?IHF
??EB
Case #39:
GICB
KHAE
FDLJ
Case #40:
BBB
?AA
Case #41:
??AA
??BB
?EDC
Case #42:
AAAA
BBBB
CCCC
Case #43:
???
?BB
CEA
?DD
Case #44:
?B
?A
Case #45:
AABACA
?DDEDF
Case #46:
?EE
CAF
DGI
HBH
Case #47:
???A
???B
???C
Case #48:
??EE
?GAD
?BCF
Case #49:
ADE
CBC
Case #50:
EFB
DAD
???
?CC
Case #51:
??AA
??BB
??CC
Case #52:
BCA
Case #53:
????
?CJC
????
Case #54:
A
?
Case #55:
??DC
BBBE
??AA
Case #56:
?EDB
AACA
????
Case #57:
CA
BB
Case #58:
?EEA
??CC
DDDB
Case #59:
?FGE
DHCB
?IAI
Case #60:
DEA
???
??B
CFC
Case #61:
DGB
IKC
ALE
FHJ
Case #62:
???B
?DEC
AAAA
Case #63:
????
ABCD
????
Case #64:
AABACADAEAFA
Case #65:
FAC
???
DDE
?BB
Case #66:
A
B
Case #67:
EDE
JHJ
IGA
FCB
Case #68:
DDF
???
?CC
ABE
Case #69:
ACAA
???E
BBDF
Case #70:
EEE
AFA
BDB
CCC
Case #71:
AAAA
?BBB
??CC
Case #72:
???B
?AAA
Case #73:
AAAC
EEEE
?DBD
Case #74:
CGFB
?EAD
????
Case #75:
?DD
CAB
Case #76:
?FF
JGH
BCD
AEI
Case #77:
???
CAB
Case #78:
?BBB
CDAC
EEEE
Case #79:
????
?DAD
BCEB
Case #80:
IDK
JGH
AEB
CFC
Case #81:
FEH
IAB
DJG
??C
Case #82:
????
??EB
DCAD
Case #83:
EBEE
DAFD
CCCC
Case #84:
?GGG
FEAF
CBDC
Case #85:
?AEA
CCCD
?BBB
Case #86:
FFF
BCB
DED
AAA
Case #87:
ABC
DDD
??E
Case #88:
HBCH
FAED
?GGG
Case #89:
?DF
??C
BBE
??A
Case #90:
????
????
ABCD
Case #91:
DECD
?ABA
????
Case #92:
ABCD
????
????
Case #93:
DDDC
?AAA
?EBE
Case #94:
?A
??
Case #95:
??
?A
??
BB
Case #96:
HDCF
?BEG
??AA
Case #97:
??CA
?EDB
???F
Case #98:
?CC
AAF
DBE
???
Case #99:
FFB
??E
??D
CAC
Case #100:
?BA
