Case #1: 1 0
Case #2: 1 0
Case #3: 1 1
Case #4: 0 0
Case #5: 500 499
Case #6: 3906 3905
Case #7: 500000 499999
Case #8: 1 1
Case #9: 1 0
Case #10: 0 0
Case #11: 0 0
Case #12: 0 0
Case #13: 7812 7811
Case #14: 0 0
Case #15: 0 0
Case #16: 0 0
Case #17: 125000 124999
Case #18: 1953 1952
Case #19: 0 0
Case #20: 0 0
Case #21: 0 0
Case #22: 0 0
Case #23: 0 0
Case #24: 1 0
Case #25: 0 0
Case #26: 0 0
Case #27: 1 0
Case #28: 0 0
Case #29: 0 0
Case #30: 0 0
Case #31: 0 0
Case #32: 1 0
Case #33: 0 0
Case #34: 1 0
Case #35: 0 0
Case #36: 0 0
Case #37: 0 0
Case #38: 0 0
Case #39: 0 0
Case #40: 1 0
Case #41: 1 1
Case #42: 1 0
Case #43: 0 0
Case #44: 250000 249999
Case #45: 0 0
Case #46: 1 1
Case #47: 1 0
Case #48: 1 1
Case #49: 0 0
Case #50: 0 0
Case #51: 499999 499999
Case #52: 249999 249999
Case #53: 0 0
Case #54: 1 0
Case #55: 0 0
Case #56: 0 0
Case #57: 0 0
Case #58: 0 0
Case #59: 1 0
Case #60: 0 0
Case #61: 1 1
Case #62: 0 0
Case #63: 3 2
Case #64: 2 1
Case #65: 1 0
Case #66: 1 0
Case #67: 0 0
Case #68: 1 0
Case #69: 1 0
Case #70: 1 1
Case #71: 1 1
Case #72: 1 0
Case #73: 1 0
Case #74: 1 1
Case #75: 7812 7811
Case #76: 0 0
Case #77: 0 0
Case #78: 1 0
Case #79: 1 0
Case #80: 250000 249999
Case #81: 0 0
Case #82: 0 0
Case #83: 0 0
Case #84: 0 0
Case #85: 0 0
Case #86: 3 2
Case #87: 0 0
Case #88: 0 0
Case #89: 0 0
Case #90: 3906 3905
Case #91: 0 0
Case #92: 3905 3905
Case #93: 2 2
Case #94: 3 2
Case #95: 0 0
Case #96: 1 1
Case #97: 0 0
Case #98: 1 0
Case #99: 0 0
Case #100: 1 1
